<?xml version="1.0" encoding="UTF-8"?>
<!-- Generated by org.testng.reporters.JUnitReportReporter -->
<testsuite skipped="1" hostname="Dell" name="com.krn.actitime.users.DeleteUser" tests="1" failures="0" timestamp="28 Apr 2020 13:14:39 GMT" time="0.000" errors="0">
  <testcase name="testDeleteUser" time="0.000" classname="com.krn.actitime.users.DeleteUser">
    <skipped/>
  </testcase> <!-- testDeleteUser -->
</testsuite> <!-- com.krn.actitime.users.DeleteUser -->
