<?xml version="1.0" encoding="UTF-8"?>
<!-- Generated by org.testng.reporters.JUnitReportReporter -->
<testsuite skipped="1" hostname="Dell" name="com.krn.actitime.tasks.DeleteCustomer" tests="1" failures="0" timestamp="30 Apr 2020 13:45:53 GMT" time="0.000" errors="0">
  <testcase name="testDeleteCustomer" time="0.000" classname="com.krn.actitime.tasks.DeleteCustomer">
    <skipped/>
  </testcase> <!-- testDeleteCustomer -->
</testsuite> <!-- com.krn.actitime.tasks.DeleteCustomer -->
